#-----------------------------------------------------------
# Vivado v2018.2 (64-bit)
# SW Build 2258646 on Thu Jun 14 20:03:12 MDT 2018
# IP Build 2256618 on Thu Jun 14 22:10:49 MDT 2018
# Start of session at: Wed Apr 22 21:15:54 2020
# Process ID: 21768
# Current directory: C:/Users/staro/Desktop/Lab_12
# Command line: vivado.exe -gui_launcher_event rodinguilauncherevent5756 C:\Users\staro\Desktop\Lab_12\Lab_12.xpr
# Log file: C:/Users/staro/Desktop/Lab_12/vivado.log
# Journal file: C:/Users/staro/Desktop/Lab_12\vivado.jou
#-----------------------------------------------------------
start_gui
open_project C:/Users/staro/Desktop/Lab_12/Lab_12.xpr
Scanning sources...
Finished scanning sources
INFO: [IP_Flow 19-234] Refreshing IP repositories
INFO: [IP_Flow 19-1704] No user IP repositories specified
INFO: [IP_Flow 19-2313] Loaded Vivado IP repository 'C:/Xilinx/Vivado/2018.2/data/ip'.
open_project: Time (s): cpu = 00:00:13 ; elapsed = 00:00:07 . Memory (MB): peak = 865.809 ; gain = 153.008
update_compile_order -fileset sources_1
exit
INFO: [Common 17-206] Exiting Vivado at Wed Apr 22 21:17:05 2020...
